2024.10.07 08:21:26 INFO  Started: Metals version 1.3.5 in folders '/Users/shingson/IdeaProjects/KafkaIOStream' for client Cursor 1.91.1.
SLF4J(W): Class path contains multiple SLF4J providers.
SLF4J(W): Found provider [scribe.slf4j.ScribeServiceProvider@6e693b44]
SLF4J(W): Found provider [ch.qos.logback.classic.spi.LogbackServiceProvider@17211e8e]
SLF4J(W): See https://www.slf4j.org/codes.html#multiple_bindings for an explanation.
SLF4J(I): Actual provider is of type [scribe.slf4j.ScribeServiceProvider@6e693b44]
2024.10.07 08:21:29 WARN  Flyway upgrade recommended: H2 2.3.230 is newer than this version of Flyway and support has not been tested. The latest supported version of H2 is 2.2.220.
2024.10.07 08:21:31 INFO  no build target found for /Users/shingson/IdeaProjects/KafkaIOStream/src/main/scala/KafkaIOStream.scala. Using presentation compiler with project's scala-library version: 3.3.3
Oct 07, 2024 8:23:12 AM org.eclipse.lsp4j.jsonrpc.RemoteEndpoint handleCancellation
WARNING: Unmatched cancel notification for request id 10
Oct 07, 2024 8:23:12 AM org.eclipse.lsp4j.jsonrpc.RemoteEndpoint handleCancellation
WARNING: Unmatched cancel notification for request id 11
2024.10.07 08:25:03 INFO  no build target found for /Users/shingson/IdeaProjects/KafkaIOStream/src/main/scala/KafkaIOStream.scala. Using presentation compiler with project's scala-library version: 3.3.3
2024.10.07 09:18:42 INFO  no build target found for /Users/shingson/IdeaProjects/KafkaIOStream/src/main/scala/KafkaIOStream.scala. Using presentation compiler with project's scala-library version: 3.3.3
2024.10.07 09:18:50 INFO  no build target found for /Users/shingson/IdeaProjects/KafkaIOStream/src/main/scala/KafkaIOStream.scala. Using presentation compiler with project's scala-library version: 3.3.3
Oct 07, 2024 11:04:06 AM org.eclipse.lsp4j.jsonrpc.services.GenericEndpoint notify
INFO: Unsupported notification method: $/setTrace
2024.10.07 13:49:49 WARN  no build target for: /Users/shingson/IdeaProjects/KafkaIOStream/build.sbt
2024.10.07 13:49:49 INFO  no build target found for /Users/shingson/IdeaProjects/KafkaIOStream/build.sbt. Using presentation compiler with project's scala-library version: 3.3.3
2024.10.07 13:50:42 WARN  no build target for: /Users/shingson/IdeaProjects/KafkaIOStream/build.sbt
2024.10.07 13:50:42 INFO  no build target found for /Users/shingson/IdeaProjects/KafkaIOStream/build.sbt. Using presentation compiler with project's scala-library version: 3.3.3
2024.10.07 14:19:05 INFO  Shutting down server
2024.10.07 14:19:05 INFO  shutting down Metals
2024.10.07 14:19:05 INFO  Exiting server
2024.10.07 14:20:11 INFO  Started: Metals version 1.3.5 in folders '/Users/shingson/IdeaProjects/KafkaIOStream' for client Visual Studio Code 1.94.0.
SLF4J(W): Class path contains multiple SLF4J providers.
SLF4J(W): Found provider [scribe.slf4j.ScribeServiceProvider@149a3f51]
SLF4J(W): Found provider [ch.qos.logback.classic.spi.LogbackServiceProvider@1f739650]
SLF4J(W): See https://www.slf4j.org/codes.html#multiple_bindings for an explanation.
SLF4J(I): Actual provider is of type [scribe.slf4j.ScribeServiceProvider@149a3f51]
2024.10.07 14:20:11 WARN  Flyway upgrade recommended: H2 2.3.230 is newer than this version of Flyway and support has not been tested. The latest supported version of H2 is 2.2.220.
2024.10.07 14:20:40 INFO  Shutting down server
2024.10.07 14:20:40 INFO  shutting down Metals
2024.10.07 14:20:40 ERROR Unexpected error initializing server: 
org.eclipse.lsp4j.jsonrpc.ResponseErrorException: Request window/showMessageRequest failed with message: Canceled
	at org.eclipse.lsp4j.jsonrpc.RemoteEndpoint.handleResponse(RemoteEndpoint.java:220)
	at org.eclipse.lsp4j.jsonrpc.RemoteEndpoint.consume(RemoteEndpoint.java:204)
	at org.eclipse.lsp4j.jsonrpc.json.StreamMessageProducer.handleMessage(StreamMessageProducer.java:185)
	at org.eclipse.lsp4j.jsonrpc.json.StreamMessageProducer.listen(StreamMessageProducer.java:97)
	at org.eclipse.lsp4j.jsonrpc.json.ConcurrentMessageProcessor.run(ConcurrentMessageProcessor.java:114)
	at java.util.concurrent.Executors$RunnableAdapter.call(Executors.java:539)
	at java.util.concurrent.FutureTask.run(FutureTask.java:264)
	at java.util.concurrent.ThreadPoolExecutor.runWorker(ThreadPoolExecutor.java:1136)
	at java.util.concurrent.ThreadPoolExecutor$Worker.run(ThreadPoolExecutor.java:635)
	at java.lang.Thread.run(Thread.java:840)

2024.10.07 14:20:40 INFO  Exiting server
2024.10.07 14:20:43 INFO  Started: Metals version 1.3.5 in folders '/Users/shingson/IdeaProjects/KafkaIOStream' for client Visual Studio Code 1.94.0.
SLF4J(W): Class path contains multiple SLF4J providers.
SLF4J(W): Found provider [scribe.slf4j.ScribeServiceProvider@2a1ed759]
SLF4J(W): Found provider [ch.qos.logback.classic.spi.LogbackServiceProvider@71ae2b5b]
SLF4J(W): See https://www.slf4j.org/codes.html#multiple_bindings for an explanation.
SLF4J(I): Actual provider is of type [scribe.slf4j.ScribeServiceProvider@2a1ed759]
2024.10.07 14:20:46 WARN  Flyway upgrade recommended: H2 2.3.230 is newer than this version of Flyway and support has not been tested. The latest supported version of H2 is 2.2.220.
Oct 07, 2024 2:22:53 PM org.eclipse.lsp4j.jsonrpc.services.GenericEndpoint notify
INFO: Unsupported notification method: $/setTrace
2024.10.07 14:23:28 INFO  no build target found for /Users/shingson/IdeaProjects/KafkaIOStream/build.sbt. Using presentation compiler with project's scala-library version: 3.3.3
2024.10.07 14:23:31 INFO  no build target found for /Users/shingson/IdeaProjects/KafkaIOStream/build.sbt. Using presentation compiler with project's scala-library version: 3.3.3
2024.10.07 14:23:33 INFO  no build target found for /Users/shingson/IdeaProjects/KafkaIOStream/build.sbt. Using presentation compiler with project's scala-library version: 3.3.3
2024.10.07 14:23:33 INFO  no build target found for /Users/shingson/IdeaProjects/KafkaIOStream/build.sbt. Using presentation compiler with project's scala-library version: 3.3.3
2024.10.07 14:23:33 INFO  no build target found for /Users/shingson/IdeaProjects/KafkaIOStream/build.sbt. Using presentation compiler with project's scala-library version: 3.3.3
2024.10.07 14:23:33 INFO  no build target found for /Users/shingson/IdeaProjects/KafkaIOStream/build.sbt. Using presentation compiler with project's scala-library version: 3.3.3
2024.10.07 14:23:33 INFO  no build target found for /Users/shingson/IdeaProjects/KafkaIOStream/build.sbt. Using presentation compiler with project's scala-library version: 3.3.3
2024.10.07 14:23:33 INFO  no build target found for /Users/shingson/IdeaProjects/KafkaIOStream/build.sbt. Using presentation compiler with project's scala-library version: 3.3.3
Oct 07, 2024 2:23:34 PM org.eclipse.lsp4j.jsonrpc.RemoteEndpoint handleCancellation
WARNING: Unmatched cancel notification for request id 13
Oct 07, 2024 2:23:34 PM org.eclipse.lsp4j.jsonrpc.RemoteEndpoint handleCancellation
WARNING: Unmatched cancel notification for request id 14
